<?xml version="1.0" encoding="UTF-8"?>
<robot generator="Robot 7.2.2 (Python 3.12.9 on win32)" generated="2025-04-08T20:44:31.374431" rpa="false" schemaversion="5">
<suite id="s1" name="Teste4" source="C:\Users\marce\OneDrive\Documentos\projetos\robot-oficial\teste4.robot">
<test id="s1-t1" name="cenário 1: Acessando o site da QAZANDO" line="50">
<kw name="Acessar site da QAZANDO">
<kw name="Open Browser" owner="SeleniumLibrary">
<msg time="2025-04-08T20:44:31.528378" level="INFO">Opening browser 'chrome' to base url 'https://automationpratice.com.br/'.</msg>
<arg>${SITE_URL}</arg>
<arg>chrome</arg>
<doc>Opens a new browser instance to the optional ``url``.</doc>
<status status="PASS" start="2025-04-08T20:44:31.528378" elapsed="1.713285"/>
</kw>
<kw name="Esperar Elemento">
<kw name="Set Selenium Implicit Wait" owner="SeleniumLibrary">
<arg>${tempo}s</arg>
<doc>Sets the implicit wait value used by Selenium.</doc>
<status status="PASS" start="2025-04-08T20:44:33.243174" elapsed="0.002393"/>
</kw>
<arg>2</arg>
<status status="PASS" start="2025-04-08T20:44:33.241663" elapsed="0.003904"/>
</kw>
<status status="PASS" start="2025-04-08T20:44:31.527378" elapsed="1.718189"/>
</kw>
<kw name="Clicar sobre o botão login">
<kw name="Click Element" owner="SeleniumLibrary">
<msg time="2025-04-08T20:44:33.254094" level="INFO">Clicking element 'xpath://a[@href='/login']'.</msg>
<arg>xpath://a[@href='/login']</arg>
<doc>Click the element identified by ``locator``.</doc>
<status status="PASS" start="2025-04-08T20:44:33.254094" elapsed="0.431558"/>
</kw>
<status status="PASS" start="2025-04-08T20:44:33.253582" elapsed="0.432070"/>
</kw>
<kw name="Digitar email">
<kw name="Input Text" owner="SeleniumLibrary">
<msg time="2025-04-08T20:44:33.686653" level="INFO">Typing text 'teste@teste.com' into text field 'id:user'.</msg>
<arg>id:user</arg>
<arg>${USUARIO_EMAIL}</arg>
<doc>Types the given ``text`` into the text field identified by ``locator``.</doc>
<status status="PASS" start="2025-04-08T20:44:33.686653" elapsed="0.357970"/>
</kw>
<status status="PASS" start="2025-04-08T20:44:33.686653" elapsed="0.357970"/>
</kw>
<kw name="Digitar senha">
<kw name="Input Text" owner="SeleniumLibrary">
<msg time="2025-04-08T20:44:34.045624" level="INFO">Typing text '123456' into text field 'id:password'.</msg>
<arg>id:password</arg>
<arg>${USUARIO_SENHA}</arg>
<doc>Types the given ``text`` into the text field identified by ``locator``.</doc>
<status status="PASS" start="2025-04-08T20:44:34.044623" elapsed="0.060265"/>
</kw>
<status status="PASS" start="2025-04-08T20:44:34.044623" elapsed="0.060265"/>
</kw>
<kw name="Clicar em logar">
<kw name="Click Element" owner="SeleniumLibrary">
<msg time="2025-04-08T20:44:34.105889" level="INFO">Clicking element 'id:btnLogin'.</msg>
<arg>id:btnLogin</arg>
<doc>Click the element identified by ``locator``.</doc>
<status status="PASS" start="2025-04-08T20:44:34.105889" elapsed="0.065732"/>
</kw>
<status status="PASS" start="2025-04-08T20:44:34.105889" elapsed="0.065732"/>
</kw>
<kw name="Verificar texto login realizado">
<kw name="Get Text" owner="SeleniumLibrary">
<msg time="2025-04-08T20:44:34.203119" level="INFO">${texto_atual} = Login realizado</msg>
<var>${texto_atual}</var>
<arg>id:swal2-title</arg>
<doc>Returns the text value of the element identified by ``locator``.</doc>
<status status="PASS" start="2025-04-08T20:44:34.173129" elapsed="0.030496"/>
</kw>
<kw name="Should Be Equal As Strings" owner="BuiltIn">
<arg>${texto_atual}</arg>
<arg>Login realizado</arg>
<doc>Fails if objects are unequal after converting them to strings.</doc>
<status status="PASS" start="2025-04-08T20:44:34.203625" elapsed="0.000000"/>
</kw>
<status status="PASS" start="2025-04-08T20:44:34.171621" elapsed="0.032004"/>
</kw>
<tag>Teste1</tag>
<status status="PASS" start="2025-04-08T20:44:31.526379" elapsed="2.677246"/>
</test>
<status status="PASS" start="2025-04-08T20:44:31.375430" elapsed="2.829203"/>
</suite>
<statistics>
<total>
<stat pass="1" fail="0" skip="0">All Tests</stat>
</total>
<tag>
<stat pass="1" fail="0" skip="0">Teste1</stat>
</tag>
<suite>
<stat name="Teste4" id="s1" pass="1" fail="0" skip="0">Teste4</stat>
</suite>
</statistics>
<errors>
</errors>
</robot>
